This is pdfTeX, Version 3.1415926-2.6-1.40.14 (TeX Live 2014/dev) (format=pdflatex 2015.7.9)  20 JUL 2015 16:58
entering extended mode
 restricted \write18 enabled.
 %&-line parsing enabled.
**"Dokumentation Robotik.tex"
(./Dokumentation Robotik.tex
LaTeX2e <2011/06/27>
Babel <3.9h> and hyphenation patterns for 62 languages loaded.
(/usr/share/texlive/texmf-dist/tex/latex/koma-script/scrartcl.cls
Document Class: scrartcl 2012/07/29 v3.11b KOMA-Script document class (article)

(/usr/share/texlive/texmf-dist/tex/latex/koma-script/scrkbase.sty
Package: scrkbase 2012/07/29 v3.11b KOMA-Script package (KOMA-Script-dependent 
basics and keyval usage)

(/usr/share/texlive/texmf-dist/tex/latex/koma-script/scrbase.sty
Package: scrbase 2012/07/29 v3.11b KOMA-Script package (KOMA-Script-independent
 basics and keyval usage)

(/usr/share/texlive/texmf-dist/tex/latex/graphics/keyval.sty
Package: keyval 1999/03/16 v1.13 key=value parser (DPC)
\KV@toks@=\toks14
)
(/usr/share/texlive/texmf-dist/tex/latex/koma-script/scrlfile.sty
Package: scrlfile 2012/06/15 v3.12 KOMA-Script package (loading files)

Package scrlfile, 2012/06/15 v3.12 KOMA-Script package (loading files)
                  Copyright (C) Markus Kohm

))) (/usr/share/texlive/texmf-dist/tex/latex/koma-script/tocbasic.sty
Package: tocbasic 2012/04/04 v3.10b KOMA-Script package (handling toc-files)
)
Package tocbasic Info: omitting babel extension for `toc'
(tocbasic)             because of feature `nobabel' available
(tocbasic)             for `toc' on input line 115.
Package tocbasic Info: omitting babel extension for `lof'
(tocbasic)             because of feature `nobabel' available
(tocbasic)             for `lof' on input line 116.
Package tocbasic Info: omitting babel extension for `lot'
(tocbasic)             because of feature `nobabel' available
(tocbasic)             for `lot' on input line 117.
Class scrartcl Info: You've used standard option `final'.
(scrartcl)           This is correct!
(scrartcl)           Internally I'm using `draft=false'.
(scrartcl)           If you'd like to set the option with \KOMAoptions,
(scrartcl)           you'd have to use `draft=false' there
(scrartcl)           instead of `final', too.
Class scrartcl Info: File `scrsize12pt.clo' used to setup font sizes on input l
ine 1267.

(/usr/share/texlive/texmf-dist/tex/latex/koma-script/scrsize12pt.clo
File: scrsize12pt.clo 2012/07/29 v3.11b KOMA-Script font size class option (12p
t)
)
(/usr/share/texlive/texmf-dist/tex/latex/koma-script/typearea.sty
Package: typearea 2012/07/29 v3.11b KOMA-Script package (type area)

Package typearea, 2012/07/29 v3.11b KOMA-Script package (type area)
                  Copyright (C) Frank Neukam, 1992-1994
                  Copyright (C) Markus Kohm, 1994-

\ta@bcor=\skip41
\ta@div=\count79
Package typearea Info: You've used standard option `a4paper'.
(typearea)             This is correct!
(typearea)             Internally I'm using `paper=a4'.
(typearea)             If you'd like to set the option with \KOMAoptions,
(typearea)             you'd have to use `paper=a4' there
(typearea)             instead of `a4paper', too.
\ta@hblk=\skip42
\ta@vblk=\skip43
\ta@temp=\skip44
Package typearea Info: These are the values describing the layout:
(typearea)             DIV  = 12
(typearea)             BCOR = 0.0pt
(typearea)             \paperwidth      = 597.50793pt
(typearea)              \textwidth      = 448.13095pt
(typearea)              DIV departure   = -6%
(typearea)              \evensidemargin = 2.4185pt
(typearea)              \oddsidemargin  = 2.4185pt
(typearea)             \paperheight     = 845.04694pt
(typearea)              \textheight     = 635.5pt
(typearea)              \topmargin      = -41.72441pt
(typearea)              \headheight     = 18.125pt
(typearea)              \headsep        = 21.75pt
(typearea)              \topskip        = 12.0pt
(typearea)              \footskip       = 50.75pt
(typearea)              \baselineskip   = 14.5pt
(typearea)              on input line 1213.
)
\c@part=\count80
\c@section=\count81
\c@subsection=\count82
\c@subsubsection=\count83
\c@paragraph=\count84
\c@subparagraph=\count85
\abovecaptionskip=\skip45
\belowcaptionskip=\skip46
\c@pti@nb@sid@b@x=\box26
\c@figure=\count86
\c@table=\count87
\bibindent=\dimen102
) (/usr/share/texlive/texmf-dist/tex/generic/babel/babel.sty
Package: babel 2013/12/03 3.9h The Babel package

(/usr/share/texlive/texmf-dist/tex/generic/babel-german/ngermanb.ldf
Language: ngermanb 2013/12/13 v2.7 German support for babel (new orthography)

(/usr/share/texlive/texmf-dist/tex/generic/babel/babel.def
File: babel.def 2013/12/03 3.9h Babel common definitions
\babel@savecnt=\count88
\U@D=\dimen103
)
\l@naustrian = a dialect from \language\l@ngerman 
\l@nswissgerman = a dialect from \language\l@ngerman 
Package babel Info: Making " an active character on input line 88.
))
(/usr/share/texlive/texmf-dist/tex/latex/base/fontenc.sty
Package: fontenc 2005/09/27 v1.99g Standard LaTeX package

(/usr/share/texlive/texmf-dist/tex/latex/base/t1enc.def
File: t1enc.def 2005/09/27 v1.99g Standard LaTeX file
LaTeX Font Info:    Redeclaring font encoding T1 on input line 43.
))
(/usr/share/texlive/texmf-dist/tex/latex/base/inputenc.sty
Package: inputenc 2008/03/30 v1.1d Input encoding file
\inpenc@prehook=\toks15
\inpenc@posthook=\toks16

(/usr/share/texlive/texmf-dist/tex/latex/base/utf8.def
File: utf8.def 2008/04/05 v1.1m UTF-8 support for inputenc
Now handling font encoding OML ...
... no UTF-8 mapping file for font encoding OML
Now handling font encoding T1 ...
... processing UTF-8 mapping file for font encoding T1

(/usr/share/texlive/texmf-dist/tex/latex/base/t1enc.dfu
File: t1enc.dfu 2008/04/05 v1.1m UTF-8 support for inputenc
   defining Unicode char U+00A1 (decimal 161)
   defining Unicode char U+00A3 (decimal 163)
   defining Unicode char U+00AB (decimal 171)
   defining Unicode char U+00BB (decimal 187)
   defining Unicode char U+00BF (decimal 191)
   defining Unicode char U+00C0 (decimal 192)
   defining Unicode char U+00C1 (decimal 193)
   defining Unicode char U+00C2 (decimal 194)
   defining Unicode char U+00C3 (decimal 195)
   defining Unicode char U+00C4 (decimal 196)
   defining Unicode char U+00C5 (decimal 197)
   defining Unicode char U+00C6 (decimal 198)
   defining Unicode char U+00C7 (decimal 199)
   defining Unicode char U+00C8 (decimal 200)
   defining Unicode char U+00C9 (decimal 201)
   defining Unicode char U+00CA (decimal 202)
   defining Unicode char U+00CB (decimal 203)
   defining Unicode char U+00CC (decimal 204)
   defining Unicode char U+00CD (decimal 205)
   defining Unicode char U+00CE (decimal 206)
   defining Unicode char U+00CF (decimal 207)
   defining Unicode char U+00D0 (decimal 208)
   defining Unicode char U+00D1 (decimal 209)
   defining Unicode char U+00D2 (decimal 210)
   defining Unicode char U+00D3 (decimal 211)
   defining Unicode char U+00D4 (decimal 212)
   defining Unicode char U+00D5 (decimal 213)
   defining Unicode char U+00D6 (decimal 214)
   defining Unicode char U+00D8 (decimal 216)
   defining Unicode char U+00D9 (decimal 217)
   defining Unicode char U+00DA (decimal 218)
   defining Unicode char U+00DB (decimal 219)
   defining Unicode char U+00DC (decimal 220)
   defining Unicode char U+00DD (decimal 221)
   defining Unicode char U+00DE (decimal 222)
   defining Unicode char U+00DF (decimal 223)
   defining Unicode char U+00E0 (decimal 224)
   defining Unicode char U+00E1 (decimal 225)
   defining Unicode char U+00E2 (decimal 226)
   defining Unicode char U+00E3 (decimal 227)
   defining Unicode char U+00E4 (decimal 228)
   defining Unicode char U+00E5 (decimal 229)
   defining Unicode char U+00E6 (decimal 230)
   defining Unicode char U+00E7 (decimal 231)
   defining Unicode char U+00E8 (decimal 232)
   defining Unicode char U+00E9 (decimal 233)
   defining Unicode char U+00EA (decimal 234)
   defining Unicode char U+00EB (decimal 235)
   defining Unicode char U+00EC (decimal 236)
   defining Unicode char U+00ED (decimal 237)
   defining Unicode char U+00EE (decimal 238)
   defining Unicode char U+00EF (decimal 239)
   defining Unicode char U+00F0 (decimal 240)
   defining Unicode char U+00F1 (decimal 241)
   defining Unicode char U+00F2 (decimal 242)
   defining Unicode char U+00F3 (decimal 243)
   defining Unicode char U+00F4 (decimal 244)
   defining Unicode char U+00F5 (decimal 245)
   defining Unicode char U+00F6 (decimal 246)
   defining Unicode char U+00F8 (decimal 248)
   defining Unicode char U+00F9 (decimal 249)
   defining Unicode char U+00FA (decimal 250)
   defining Unicode char U+00FB (decimal 251)
   defining Unicode char U+00FC (decimal 252)
   defining Unicode char U+00FD (decimal 253)
   defining Unicode char U+00FE (decimal 254)
   defining Unicode char U+00FF (decimal 255)
   defining Unicode char U+0102 (decimal 258)
   defining Unicode char U+0103 (decimal 259)
   defining Unicode char U+0104 (decimal 260)
   defining Unicode char U+0105 (decimal 261)
   defining Unicode char U+0106 (decimal 262)
   defining Unicode char U+0107 (decimal 263)
   defining Unicode char U+010C (decimal 268)
   defining Unicode char U+010D (decimal 269)
   defining Unicode char U+010E (decimal 270)
   defining Unicode char U+010F (decimal 271)
   defining Unicode char U+0110 (decimal 272)
   defining Unicode char U+0111 (decimal 273)
   defining Unicode char U+0118 (decimal 280)
   defining Unicode char U+0119 (decimal 281)
   defining Unicode char U+011A (decimal 282)
   defining Unicode char U+011B (decimal 283)
   defining Unicode char U+011E (decimal 286)
   defining Unicode char U+011F (decimal 287)
   defining Unicode char U+0130 (decimal 304)
   defining Unicode char U+0131 (decimal 305)
   defining Unicode char U+0132 (decimal 306)
   defining Unicode char U+0133 (decimal 307)
   defining Unicode char U+0139 (decimal 313)
   defining Unicode char U+013A (decimal 314)
   defining Unicode char U+013D (decimal 317)
   defining Unicode char U+013E (decimal 318)
   defining Unicode char U+0141 (decimal 321)
   defining Unicode char U+0142 (decimal 322)
   defining Unicode char U+0143 (decimal 323)
   defining Unicode char U+0144 (decimal 324)
   defining Unicode char U+0147 (decimal 327)
   defining Unicode char U+0148 (decimal 328)
   defining Unicode char U+014A (decimal 330)
   defining Unicode char U+014B (decimal 331)
   defining Unicode char U+0150 (decimal 336)
   defining Unicode char U+0151 (decimal 337)
   defining Unicode char U+0152 (decimal 338)
   defining Unicode char U+0153 (decimal 339)
   defining Unicode char U+0154 (decimal 340)
   defining Unicode char U+0155 (decimal 341)
   defining Unicode char U+0158 (decimal 344)
   defining Unicode char U+0159 (decimal 345)
   defining Unicode char U+015A (decimal 346)
   defining Unicode char U+015B (decimal 347)
   defining Unicode char U+015E (decimal 350)
   defining Unicode char U+015F (decimal 351)
   defining Unicode char U+0160 (decimal 352)
   defining Unicode char U+0161 (decimal 353)
   defining Unicode char U+0162 (decimal 354)
   defining Unicode char U+0163 (decimal 355)
   defining Unicode char U+0164 (decimal 356)
   defining Unicode char U+0165 (decimal 357)
   defining Unicode char U+016E (decimal 366)
   defining Unicode char U+016F (decimal 367)
   defining Unicode char U+0170 (decimal 368)
   defining Unicode char U+0171 (decimal 369)
   defining Unicode char U+0178 (decimal 376)
   defining Unicode char U+0179 (decimal 377)
   defining Unicode char U+017A (decimal 378)
   defining Unicode char U+017B (decimal 379)
   defining Unicode char U+017C (decimal 380)
   defining Unicode char U+017D (decimal 381)
   defining Unicode char U+017E (decimal 382)
   defining Unicode char U+200C (decimal 8204)
   defining Unicode char U+2013 (decimal 8211)
   defining Unicode char U+2014 (decimal 8212)
   defining Unicode char U+2018 (decimal 8216)
   defining Unicode char U+2019 (decimal 8217)
   defining Unicode char U+201A (decimal 8218)
   defining Unicode char U+201C (decimal 8220)
   defining Unicode char U+201D (decimal 8221)
   defining Unicode char U+201E (decimal 8222)
   defining Unicode char U+2030 (decimal 8240)
   defining Unicode char U+2031 (decimal 8241)
   defining Unicode char U+2039 (decimal 8249)
   defining Unicode char U+203A (decimal 8250)
   defining Unicode char U+2423 (decimal 9251)
)
Now handling font encoding OT1 ...
... processing UTF-8 mapping file for font encoding OT1

(/usr/share/texlive/texmf-dist/tex/latex/base/ot1enc.dfu
File: ot1enc.dfu 2008/04/05 v1.1m UTF-8 support for inputenc
   defining Unicode char U+00A1 (decimal 161)
   defining Unicode char U+00A3 (decimal 163)
   defining Unicode char U+00B8 (decimal 184)
   defining Unicode char U+00BF (decimal 191)
   defining Unicode char U+00C5 (decimal 197)
   defining Unicode char U+00C6 (decimal 198)
   defining Unicode char U+00D8 (decimal 216)
   defining Unicode char U+00DF (decimal 223)
   defining Unicode char U+00E6 (decimal 230)
   defining Unicode char U+00EC (decimal 236)
   defining Unicode char U+00ED (decimal 237)
   defining Unicode char U+00EE (decimal 238)
   defining Unicode char U+00EF (decimal 239)
   defining Unicode char U+00F8 (decimal 248)
   defining Unicode char U+0131 (decimal 305)
   defining Unicode char U+0141 (decimal 321)
   defining Unicode char U+0142 (decimal 322)
   defining Unicode char U+0152 (decimal 338)
   defining Unicode char U+0153 (decimal 339)
   defining Unicode char U+2013 (decimal 8211)
   defining Unicode char U+2014 (decimal 8212)
   defining Unicode char U+2018 (decimal 8216)
   defining Unicode char U+2019 (decimal 8217)
   defining Unicode char U+201C (decimal 8220)
   defining Unicode char U+201D (decimal 8221)
)
Now handling font encoding OMS ...
... processing UTF-8 mapping file for font encoding OMS

(/usr/share/texlive/texmf-dist/tex/latex/base/omsenc.dfu
File: omsenc.dfu 2008/04/05 v1.1m UTF-8 support for inputenc
   defining Unicode char U+00A7 (decimal 167)
   defining Unicode char U+00B6 (decimal 182)
   defining Unicode char U+00B7 (decimal 183)
   defining Unicode char U+2020 (decimal 8224)
   defining Unicode char U+2021 (decimal 8225)
   defining Unicode char U+2022 (decimal 8226)
)
Now handling font encoding OMX ...
... no UTF-8 mapping file for font encoding OMX
Now handling font encoding U ...
... no UTF-8 mapping file for font encoding U
   defining Unicode char U+00A9 (decimal 169)
   defining Unicode char U+00AA (decimal 170)
   defining Unicode char U+00AE (decimal 174)
   defining Unicode char U+00BA (decimal 186)
   defining Unicode char U+02C6 (decimal 710)
   defining Unicode char U+02DC (decimal 732)
   defining Unicode char U+200C (decimal 8204)
   defining Unicode char U+2026 (decimal 8230)
   defining Unicode char U+2122 (decimal 8482)
   defining Unicode char U+2423 (decimal 9251)
))
(/usr/share/texlive/texmf-dist/tex/latex/float/float.sty
Package: float 2001/11/08 v1.3d Float enhancements (AL)
\c@float@type=\count89
\float@exts=\toks17
\float@box=\box27
\@float@everytoks=\toks18
\@floatcapt=\box28
)
(/usr/share/texlive/texmf-dist/tex/latex/listings/listings.sty
\lst@mode=\count90
\lst@gtempboxa=\box29
\lst@token=\toks19
\lst@length=\count91
\lst@currlwidth=\dimen104
\lst@column=\count92
\lst@pos=\count93
\lst@lostspace=\dimen105
\lst@width=\dimen106
\lst@newlines=\count94
\lst@lineno=\count95
\lst@maxwidth=\dimen107

(/usr/share/texlive/texmf-dist/tex/latex/listings/lstmisc.sty
File: lstmisc.sty 2013/08/26 1.5b (Carsten Heinz)
\c@lstnumber=\count96
\lst@skipnumbers=\count97
\lst@framebox=\box30
)
(/usr/share/texlive/texmf-dist/tex/latex/listings/listings.cfg
File: listings.cfg 2013/08/26 1.5b listings configuration
))
Package: listings 2013/08/26 1.5b (Carsten Heinz)

(/usr/share/texlive/texmf-dist/tex/latex/graphics/color.sty
Package: color 2005/11/14 v1.0j Standard LaTeX Color (DPC)

(/usr/share/texlive/texmf-dist/tex/latex/latexconfig/color.cfg
File: color.cfg 2007/01/18 v1.5 color configuration of teTeX/TeXLive
)
Package color Info: Driver file: pdftex.def on input line 130.

(/usr/share/texlive/texmf-dist/tex/latex/pdftex-def/pdftex.def
File: pdftex.def 2011/05/27 v0.06d Graphics/color for pdfTeX

(/usr/share/texlive/texmf-dist/tex/generic/oberdiek/infwarerr.sty
Package: infwarerr 2010/04/08 v1.3 Providing info/warning/error messages (HO)
)
(/usr/share/texlive/texmf-dist/tex/generic/oberdiek/ltxcmds.sty
Package: ltxcmds 2011/11/09 v1.22 LaTeX kernel commands for general use (HO)
)
\Gread@gobject=\count98
))
(/usr/share/texlive/texmf-dist/tex/latex/hyperref/hyperref.sty
Package: hyperref 2012/11/06 v6.83m Hypertext links for LaTeX

(/usr/share/texlive/texmf-dist/tex/generic/oberdiek/hobsub-hyperref.sty
Package: hobsub-hyperref 2012/05/28 v1.13 Bundle oberdiek, subset hyperref (HO)


(/usr/share/texlive/texmf-dist/tex/generic/oberdiek/hobsub-generic.sty
Package: hobsub-generic 2012/05/28 v1.13 Bundle oberdiek, subset generic (HO)
Package: hobsub 2012/05/28 v1.13 Construct package bundles (HO)
Package hobsub Info: Skipping package `infwarerr' (already loaded).
Package hobsub Info: Skipping package `ltxcmds' (already loaded).
Package: ifluatex 2010/03/01 v1.3 Provides the ifluatex switch (HO)
Package ifluatex Info: LuaTeX not detected.
Package: ifvtex 2010/03/01 v1.5 Detect VTeX and its facilities (HO)
Package ifvtex Info: VTeX not detected.
Package: intcalc 2007/09/27 v1.1 Expandable calculations with integers (HO)
Package: ifpdf 2011/01/30 v2.3 Provides the ifpdf switch (HO)
Package ifpdf Info: pdfTeX in PDF mode is detected.
Package: etexcmds 2011/02/16 v1.5 Avoid name clashes with e-TeX commands (HO)
Package etexcmds Info: Could not find \expanded.
(etexcmds)             That can mean that you are not using pdfTeX 1.50 or
(etexcmds)             that some package has redefined \expanded.
(etexcmds)             In the latter case, load this package earlier.
Package: kvsetkeys 2012/04/25 v1.16 Key value parser (HO)
Package: kvdefinekeys 2011/04/07 v1.3 Define keys (HO)
Package: pdftexcmds 2011/11/29 v0.20 Utility functions of pdfTeX for LuaTeX (HO
)
Package pdftexcmds Info: LuaTeX not detected.
Package pdftexcmds Info: \pdf@primitive is available.
Package pdftexcmds Info: \pdf@ifprimitive is available.
Package pdftexcmds Info: \pdfdraftmode found.
Package: pdfescape 2011/11/25 v1.13 Implements pdfTeX's escape features (HO)
Package: bigintcalc 2012/04/08 v1.3 Expandable calculations on big integers (HO
)
Package: bitset 2011/01/30 v1.1 Handle bit-vector datatype (HO)
Package: uniquecounter 2011/01/30 v1.2 Provide unlimited unique counter (HO)
)
Package hobsub Info: Skipping package `hobsub' (already loaded).
Package: letltxmacro 2010/09/02 v1.4 Let assignment for LaTeX macros (HO)
Package: hopatch 2012/05/28 v1.2 Wrapper for package hooks (HO)
Package: xcolor-patch 2011/01/30 xcolor patch
Package: atveryend 2011/06/30 v1.8 Hooks at the very end of document (HO)
Package atveryend Info: \enddocument detected (standard20110627).
Package: atbegshi 2011/10/05 v1.16 At begin shipout hook (HO)
Package: refcount 2011/10/16 v3.4 Data extraction from label references (HO)
Package: hycolor 2011/01/30 v1.7 Color options for hyperref/bookmark (HO)
)
(/usr/share/texlive/texmf-dist/tex/generic/ifxetex/ifxetex.sty
Package: ifxetex 2010/09/12 v0.6 Provides ifxetex conditional
)
(/usr/share/texlive/texmf-dist/tex/latex/oberdiek/auxhook.sty
Package: auxhook 2011/03/04 v1.3 Hooks for auxiliary files (HO)
)
(/usr/share/texlive/texmf-dist/tex/latex/oberdiek/kvoptions.sty
Package: kvoptions 2011/06/30 v3.11 Key value format for package options (HO)
)
\@linkdim=\dimen108
\Hy@linkcounter=\count99
\Hy@pagecounter=\count100

(/usr/share/texlive/texmf-dist/tex/latex/hyperref/pd1enc.def
File: pd1enc.def 2012/11/06 v6.83m Hyperref: PDFDocEncoding definition (HO)
Now handling font encoding PD1 ...
... no UTF-8 mapping file for font encoding PD1
)
\Hy@SavedSpaceFactor=\count101

(/usr/share/texlive/texmf-dist/tex/latex/latexconfig/hyperref.cfg
File: hyperref.cfg 2002/06/06 v1.2 hyperref configuration of TeXLive
)
Package hyperref Info: Option `final' set `true' on input line 4319.
Package hyperref Info: Hyper figures OFF on input line 4443.
Package hyperref Info: Link nesting OFF on input line 4448.
Package hyperref Info: Hyper index ON on input line 4451.
Package hyperref Info: Plain pages OFF on input line 4458.
Package hyperref Info: Backreferencing OFF on input line 4463.
Package hyperref Info: Implicit mode ON; LaTeX internals redefined.
Package hyperref Info: Bookmarks ON on input line 4688.
\c@Hy@tempcnt=\count102

(/usr/share/texlive/texmf-dist/tex/latex/url/url.sty
\Urlmuskip=\muskip10
Package: url 2006/04/12  ver 3.3  Verb mode for urls, etc.
)
LaTeX Info: Redefining \url on input line 5041.
\XeTeXLinkMargin=\dimen109
\Fld@menulength=\count103
\Field@Width=\dimen110
\Fld@charsize=\dimen111
Package hyperref Info: Hyper figures OFF on input line 6295.
Package hyperref Info: Link nesting OFF on input line 6300.
Package hyperref Info: Hyper index ON on input line 6303.
Package hyperref Info: backreferencing OFF on input line 6310.
Package hyperref Info: Link coloring OFF on input line 6315.
Package hyperref Info: Link coloring with OCG OFF on input line 6320.
Package hyperref Info: PDF/A mode OFF on input line 6325.
LaTeX Info: Redefining \ref on input line 6365.
LaTeX Info: Redefining \pageref on input line 6369.
\Hy@abspage=\count104
\c@Item=\count105
\c@Hfootnote=\count106
)

Package hyperref Message: Driver (autodetected): hpdftex.

(/usr/share/texlive/texmf-dist/tex/latex/hyperref/hpdftex.def
File: hpdftex.def 2012/11/06 v6.83m Hyperref driver for pdfTeX
\Fld@listcount=\count107
\c@bookmark@seq@number=\count108

(/usr/share/texlive/texmf-dist/tex/latex/oberdiek/rerunfilecheck.sty
Package: rerunfilecheck 2011/04/15 v1.7 Rerun checks for auxiliary files (HO)
Package uniquecounter Info: New unique counter `rerunfilecheck' on input line 2
82.
)
\Hy@SectionHShift=\skip47
)
(/usr/share/texlive/texmf-dist/tex/latex/tools/tabularx.sty
Package: tabularx 1999/01/07 v2.07 `tabularx' package (DPC)

(/usr/share/texlive/texmf-dist/tex/latex/tools/array.sty
Package: array 2008/09/09 v2.4c Tabular extension package (FMi)
\col@sep=\dimen112
\extrarowheight=\dimen113
\NC@list=\toks20
\extratabsurround=\skip48
\backup@length=\skip49
)
\TX@col@width=\dimen114
\TX@old@table=\dimen115
\TX@old@col=\dimen116
\TX@target=\dimen117
\TX@delta=\dimen118
\TX@cols=\count109
\TX@ftn=\toks21
)
(/usr/share/texlive/texmf-dist/tex/latex/appendix/appendix.sty
Package: appendix 2009/09/02 v1.2b extra appendix facilities
\c@@pps=\count110
\c@@ppsavesec=\count111
\c@@ppsaveapp=\count112
)
(/usr/share/texlive/texmf-dist/tex/latex/listings/lstlang1.sty
File: lstlang1.sty 2013/08/26 1.5b listings language file
)
(/usr/share/texlive/texmf-dist/tex/latex/graphics/graphicx.sty
Package: graphicx 1999/02/16 v1.0f Enhanced LaTeX Graphics (DPC,SPQR)

(/usr/share/texlive/texmf-dist/tex/latex/graphics/graphics.sty
Package: graphics 2009/02/05 v1.0o Standard LaTeX Graphics (DPC,SPQR)

(/usr/share/texlive/texmf-dist/tex/latex/graphics/trig.sty
Package: trig 1999/03/16 v1.09 sin cos tan (DPC)
)
(/usr/share/texlive/texmf-dist/tex/latex/latexconfig/graphics.cfg
File: graphics.cfg 2010/04/23 v1.9 graphics configuration of TeX Live
)
Package graphics Info: Driver file: pdftex.def on input line 91.
)
\Gin@req@height=\dimen119
\Gin@req@width=\dimen120
)
No file "Dokumentation Robotik".aux.
\openout1 = `"Dokumentation Robotik.aux"'.

LaTeX Font Info:    Checking defaults for OML/cmm/m/it on input line 38.
LaTeX Font Info:    ... okay on input line 38.
LaTeX Font Info:    Checking defaults for T1/cmr/m/n on input line 38.
LaTeX Font Info:    ... okay on input line 38.
LaTeX Font Info:    Checking defaults for OT1/cmr/m/n on input line 38.
LaTeX Font Info:    ... okay on input line 38.
LaTeX Font Info:    Checking defaults for OMS/cmsy/m/n on input line 38.
LaTeX Font Info:    ... okay on input line 38.
LaTeX Font Info:    Checking defaults for OMX/cmex/m/n on input line 38.
LaTeX Font Info:    ... okay on input line 38.
LaTeX Font Info:    Checking defaults for U/cmr/m/n on input line 38.
LaTeX Font Info:    ... okay on input line 38.
LaTeX Font Info:    Checking defaults for PD1/pdf/m/n on input line 38.
LaTeX Font Info:    ... okay on input line 38.
\c@lstlisting=\count113
(/usr/share/texlive/texmf-dist/tex/context/base/supp-pdf.mkii
[Loading MPS to PDF converter (version 2006.09.02).]
\scratchcounter=\count114
\scratchdimen=\dimen121
\scratchbox=\box31
\nofMPsegments=\count115
\nofMParguments=\count116
\everyMPshowfont=\toks22
\MPscratchCnt=\count117
\MPscratchDim=\dimen122
\MPnumerator=\count118
\makeMPintoPDFobject=\count119
\everyMPtoPDFconversion=\toks23
)
\AtBeginShipoutBox=\box32
Package hyperref Info: Link coloring OFF on input line 38.
 (/usr/share/texlive/texmf-dist/tex/latex/hyperref/nameref.sty
Package: nameref 2012/10/27 v2.43 Cross-referencing by name of section

(/usr/share/texlive/texmf-dist/tex/generic/oberdiek/gettitlestring.sty
Package: gettitlestring 2010/12/03 v1.4 Cleanup title references (HO)
)
\c@section@level=\count120
)
LaTeX Info: Redefining \ref on input line 38.
LaTeX Info: Redefining \pageref on input line 38.
LaTeX Info: Redefining \nameref on input line 38.
\@outlinefile=\write3
\openout3 = `"Dokumentation Robotik.out"'.


(/usr/share/texlive/texmf-dist/tex/latex/oberdiek/epstopdf-base.sty
Package: epstopdf-base 2010/02/09 v2.5 Base part for package epstopdf

(/usr/share/texlive/texmf-dist/tex/latex/oberdiek/grfext.sty
Package: grfext 2010/08/19 v1.1 Manage graphics extensions (HO)
)
Package grfext Info: Graphics extension search list:
(grfext)             [.png,.pdf,.jpg,.mps,.jpeg,.jbig2,.jb2,.PNG,.PDF,.JPG,.JPE
G,.JBIG2,.JB2,.eps]
(grfext)             \AppendGraphicsExtensions on input line 452.

(/usr/share/texlive/texmf-dist/tex/latex/latexconfig/epstopdf-sys.cfg
File: epstopdf-sys.cfg 2010/07/13 v1.3 Configuration of (r)epstopdf for TeX Liv
e
))
Package babel Info: Redefining ngerman shorthand "|
(babel)             in language append on input line 43.
Package babel Info: Redefining ngerman shorthand "~
(babel)             in language append on input line 43.
Package babel Info: Redefining ngerman shorthand "|
(babel)             in language append on input line 43.
Package babel Info: Redefining ngerman shorthand "~
(babel)             in language append on input line 43.

[1

{/usr/share/texlive/texmf-dist/fonts/map/pdftex/updmap/pdftex.map}]
LaTeX Font Info:    Try loading font information for T1+cmss on input line 43.

(/usr/share/texlive/texmf-dist/tex/latex/base/t1cmss.fd
File: t1cmss.fd 1999/05/25 v2.5h Standard LaTeX font definitions
)
LaTeX Font Info:    External font `cmex10' loaded for size
(Font)              <17.28> on input line 43.
LaTeX Font Info:    External font `cmex10' loaded for size
(Font)              <12> on input line 43.
\tf@toc=\write4
\openout4 = `"Dokumentation Robotik.toc"'.

Package babel Info: Redefining ngerman shorthand "|
(babel)             in language append on input line 45.
Package babel Info: Redefining ngerman shorthand "~
(babel)             in language append on input line 45.

Underfull \hbox (badness 10000) in paragraph at lines 46--60

 []


Underfull \hbox (badness 10000) in paragraph at lines 46--60

 []


Underfull \hbox (badness 10000) in paragraph at lines 46--60

 []


Underfull \hbox (badness 10000) in paragraph at lines 46--60

 []


Underfull \hbox (badness 10000) in paragraph at lines 46--60

 []


Underfull \hbox (badness 10000) in paragraph at lines 46--60

 []

Package babel Info: Redefining ngerman shorthand "|
(babel)             in language append on input line 60.
Package babel Info: Redefining ngerman shorthand "~
(babel)             in language append on input line 60.
Package babel Info: Redefining ngerman shorthand "|
(babel)             in language append on input line 60.
Package babel Info: Redefining ngerman shorthand "~
(babel)             in language append on input line 60.
[2

]
Package babel Info: Redefining ngerman shorthand "|
(babel)             in language append on input line 61.
Package babel Info: Redefining ngerman shorthand "~
(babel)             in language append on input line 61.
Package babel Info: Redefining ngerman shorthand "|
(babel)             in language append on input line 64.
Package babel Info: Redefining ngerman shorthand "~
(babel)             in language append on input line 64.

Underfull \hbox (badness 10000) in paragraph at lines 65--68

 []

<Grafiken/Timeline_cropped.pdf, id=21, 759.83875pt x 384.43625pt>
File: Grafiken/Timeline_cropped.pdf Graphic file (type pdf)

<use Grafiken/Timeline_cropped.pdf>
Package pdftex.def Info: Grafiken/Timeline_cropped.pdf used on input line 71.
(pdftex.def)             Requested size: 448.13095pt x 226.73329pt.
Package babel Info: Redefining ngerman shorthand "|
(babel)             in language append on input line 76.
Package babel Info: Redefining ngerman shorthand "~
(babel)             in language append on input line 76.

Underfull \hbox (badness 10000) in paragraph at lines 77--88

 []


Underfull \hbox (badness 10000) in paragraph at lines 77--88

 []


Underfull \hbox (badness 10000) in paragraph at lines 77--88

 []


Underfull \hbox (badness 10000) in paragraph at lines 77--88

 []


Underfull \hbox (badness 10000) in paragraph at lines 77--88

 []

Package babel Info: Redefining ngerman shorthand "|
(babel)             in language append on input line 88.
Package babel Info: Redefining ngerman shorthand "~
(babel)             in language append on input line 88.
Package babel Info: Redefining ngerman shorthand "|
(babel)             in language append on input line 88.
Package babel Info: Redefining ngerman shorthand "~
(babel)             in language append on input line 88.
[3 <./Grafiken/Timeline_cropped.pdf>]
Package babel Info: Redefining ngerman shorthand "|
(babel)             in language append on input line 89.
Package babel Info: Redefining ngerman shorthand "~
(babel)             in language append on input line 89.

Underfull \hbox (badness 10000) in paragraph at lines 90--93

 []

Package babel Info: Redefining ngerman shorthand "|
(babel)             in language append on input line 93.
Package babel Info: Redefining ngerman shorthand "~
(babel)             in language append on input line 93.
LaTeX Font Info:    Try loading font information for T1+cmtt on input line 98.
(/usr/share/texlive/texmf-dist/tex/latex/base/t1cmtt.fd
File: t1cmtt.fd 1999/05/25 v2.5h Standard LaTeX font definitions
)
Underfull \hbox (badness 10000) in paragraph at lines 94--99

 []


Underfull \hbox (badness 10000) in paragraph at lines 94--99

 []

Package babel Info: Redefining ngerman shorthand "|
(babel)             in language append on input line 99.
Package babel Info: Redefining ngerman shorthand "~
(babel)             in language append on input line 99.

LaTeX Warning: Reference `se:Grafisches Debugging' on page 4 undefined on input
 line 104.


Underfull \hbox (badness 10000) in paragraph at lines 100--105

 []


Underfull \hbox (badness 10000) in paragraph at lines 100--105

 []

Package babel Info: Redefining ngerman shorthand "|
(babel)             in language append on input line 105.
Package babel Info: Redefining ngerman shorthand "~
(babel)             in language append on input line 105.
Package babel Info: Redefining ngerman shorthand "|
(babel)             in language append on input line 105.
Package babel Info: Redefining ngerman shorthand "~
(babel)             in language append on input line 105.
[4]
Package babel Info: Redefining ngerman shorthand "|
(babel)             in language append on input line 106.
Package babel Info: Redefining ngerman shorthand "~
(babel)             in language append on input line 106.

Underfull \hbox (badness 10000) in paragraph at lines 107--112

 []


Underfull \hbox (badness 10000) in paragraph at lines 107--112

 []

LaTeX Font Info:    Try loading font information for OMS+cmr on input line 113.

(/usr/share/texlive/texmf-dist/tex/latex/base/omscmr.fd
File: omscmr.fd 1999/05/25 v2.5h Standard LaTeX font definitions
)
LaTeX Font Info:    Font shape `OMS/cmr/m/n' in size <12> not available
(Font)              Font shape `OMS/cmsy/m/n' tried instead on input line 113.
Package babel Info: Redefining ngerman shorthand "|
(babel)             in language append on input line 119.
Package babel Info: Redefining ngerman shorthand "~
(babel)             in language append on input line 119.

Underfull \hbox (badness 10000) in paragraph at lines 120--123

 []

Package babel Info: Redefining ngerman shorthand "|
(babel)             in language append on input line 132.
Package babel Info: Redefining ngerman shorthand "~
(babel)             in language append on input line 132.
Package babel Info: Redefining ngerman shorthand "|
(babel)             in language append on input line 132.
Package babel Info: Redefining ngerman shorthand "~
(babel)             in language append on input line 132.
[5]
Underfull \hbox (badness 4726) in paragraph at lines 166--166
[]|\T1/cmr/m/n/12 Gewachsene Struk-tur, un-über-sicht-lich,
 []

Package babel Info: Redefining ngerman shorthand "|
(babel)             in language append on input line 168.
Package babel Info: Redefining ngerman shorthand "~
(babel)             in language append on input line 168.

Underfull \hbox (badness 10000) in paragraph at lines 169--172

 []

Package babel Info: Redefining ngerman shorthand "|
(babel)             in language append on input line 172.
Package babel Info: Redefining ngerman shorthand "~
(babel)             in language append on input line 172.
Package babel Info: Redefining ngerman shorthand "|
(babel)             in language append on input line 172.
Package babel Info: Redefining ngerman shorthand "~
(babel)             in language append on input line 172.
[6] <Grafiken/Magma/AgentRuntime_Structure.jpg, id=65, 1702.36pt x 608.2725pt>
File: Grafiken/Magma/AgentRuntime_Structure.jpg Graphic file (type jpg)

<use Grafiken/Magma/AgentRuntime_Structure.jpg>
Package pdftex.def Info: Grafiken/Magma/AgentRuntime_Structure.jpg used on inpu
t line 175.
(pdftex.def)             Requested size: 448.13095pt x 160.11479pt.

Underfull \hbox (badness 10000) in paragraph at lines 180--189

 []


Underfull \hbox (badness 10000) in paragraph at lines 180--189

 []


Underfull \hbox (badness 10000) in paragraph at lines 180--189

 []


Underfull \hbox (badness 10000) in paragraph at lines 180--189

 []

<Grafiken/Magma/AgentRuntime_Loop.jpg, id=66, 1816.7875pt x 973.6375pt>
File: Grafiken/Magma/AgentRuntime_Loop.jpg Graphic file (type jpg)

<use Grafiken/Magma/AgentRuntime_Loop.jpg>
Package pdftex.def Info: Grafiken/Magma/AgentRuntime_Loop.jpg used on input lin
e 192.
(pdftex.def)             Requested size: 448.13095pt x 240.1552pt.
Package babel Info: Redefining ngerman shorthand "|
(babel)             in language append on input line 196.
Package babel Info: Redefining ngerman shorthand "~
(babel)             in language append on input line 196.
Package babel Info: Redefining ngerman shorthand "|
(babel)             in language append on input line 196.
Package babel Info: Redefining ngerman shorthand "~
(babel)             in language append on input line 196.
 [7 <./Grafiken/Magma/AgentRuntime_Structure.jpg>]
Underfull \hbox (badness 10000) in paragraph at lines 197--207

 []


Underfull \hbox (badness 10000) in paragraph at lines 197--207

 []


Underfull \hbox (badness 10000) in paragraph at lines 197--207

 []


Underfull \hbox (badness 10000) in paragraph at lines 197--207

 []

<Grafiken/Magma/Observer_Structure.jpg, id=74, 985.6825pt x 630.355pt>
File: Grafiken/Magma/Observer_Structure.jpg Graphic file (type jpg)

<use Grafiken/Magma/Observer_Structure.jpg>
Package pdftex.def Info: Grafiken/Magma/Observer_Structure.jpg used on input li
ne 210.
(pdftex.def)             Requested size: 448.13095pt x 286.59074pt.
Package babel Info: Redefining ngerman shorthand "|
(babel)             in language append on input line 214.
Package babel Info: Redefining ngerman shorthand "~
(babel)             in language append on input line 214.
Package babel Info: Redefining ngerman shorthand "|
(babel)             in language append on input line 214.
Package babel Info: Redefining ngerman shorthand "~
(babel)             in language append on input line 214.
 [8 <./Grafiken/Magma/AgentRuntime_Loop.jpg>]

LaTeX Warning: Reference `fig:Magma - Agent Runtime Loop' on page 9 undefined o
n input line 215.

Package babel Info: Redefining ngerman shorthand "|
(babel)             in language append on input line 217.
Package babel Info: Redefining ngerman shorthand "~
(babel)             in language append on input line 217.

Underfull \hbox (badness 10000) in paragraph at lines 218--224

 []


Underfull \hbox (badness 10000) in paragraph at lines 218--224

 []


Overfull \hbox (33.40146pt too wide) in paragraph at lines 218--224
\T1/cmtt/m/n/12 --teamname="Robo1--playerid=2 --server=192.168.56.101 --port=31
00 --loglevel=severe
 []


Overfull \hbox (8.70749pt too wide) in paragraph at lines 218--224
\T1/cmtt/m/n/12 --serverversion=68 --factory=NaoRF --decisionmaker=31 --homePos
ition=-15.0:0.0 
 []


Underfull \hbox (badness 10000) in paragraph at lines 218--224

 []


Underfull \hbox (badness 10000) in paragraph at lines 218--224

 []

Package babel Info: Redefining ngerman shorthand "|
(babel)             in language append on input line 227.
Package babel Info: Redefining ngerman shorthand "~
(babel)             in language append on input line 227.
Package babel Info: Redefining ngerman shorthand "|
(babel)             in language append on input line 227.
Package babel Info: Redefining ngerman shorthand "~
(babel)             in language append on input line 227.
[9 <./Grafiken/Magma/Observer_Structure.jpg>]

LaTeX Warning: Reference `sse:KI-Gesamt\IeC {\"u}bersicht' on page 10 undefined
 on input line 232.


Underfull \hbox (badness 10000) in paragraph at lines 236--245

 []


Underfull \hbox (badness 10000) in paragraph at lines 236--245

 []


Overfull \hbox (19.26604pt too wide) in paragraph at lines 236--245
\T1/cmr/m/n/12 Beispiel ei-nes de-fen-si-ven Spie-lers, der eben-so Frei-stoÿ, 
Ein-wurf und Ecke spie-len darf(comma-
 []


Underfull \hbox (badness 10000) in paragraph at lines 236--245

 []


Underfull \hbox (badness 10000) in paragraph at lines 236--245

 []

Package babel Info: Redefining ngerman shorthand "|
(babel)             in language append on input line 249.
Package babel Info: Redefining ngerman shorthand "~
(babel)             in language append on input line 249.
Package babel Info: Redefining ngerman shorthand "|
(babel)             in language append on input line 249.
Package babel Info: Redefining ngerman shorthand "~
(babel)             in language append on input line 249.
[10]
Package babel Info: Redefining ngerman shorthand "|
(babel)             in language append on input line 261.
Package babel Info: Redefining ngerman shorthand "~
(babel)             in language append on input line 261.

Underfull \hbox (badness 10000) in paragraph at lines 262--265

 []


Overfull \hbox (26.89091pt too wide) in paragraph at lines 268--271
\T1/cmtt/m/n/12 arg: --teamname="RoboFreunde--playerid=2 --server=127.0.0.1 -- 
port=3100
 []


Overfull \hbox (26.89091pt too wide) in paragraph at lines 268--271
\T1/cmtt/m/n/12 --loglevel=severe --serverversion=68 --factory=NaoRF -- decisio
nmaker=31
 []


Overfull \hbox (20.71742pt too wide) in paragraph at lines 271--279
\T1/cmtt/m/n/12 arg: --teamname="RoboFreunde--playerid=2 --server=127.0.0.1 --p
ort=3100
 []


Overfull \hbox (20.71742pt too wide) in paragraph at lines 271--279
\T1/cmtt/m/n/12 --loglevel=severe --serverversion=68 --factory=NaoRF --decision
maker=31
 []


Overfull \hbox (20.71742pt too wide) in paragraph at lines 271--279
\T1/cmtt/m/n/12 arg: --teamname="RoboFreunde--playerid=6 --server=127.0.0.1 --p
ort=3100
 []


Overfull \hbox (20.71742pt too wide) in paragraph at lines 271--279
\T1/cmtt/m/n/12 --loglevel=severe --serverversion=68 --factory=NaoRF --decision
maker=31
 []


Overfull \hbox (20.71742pt too wide) in paragraph at lines 271--279
\T1/cmtt/m/n/12 arg: --teamname="RoboFreunde--playerid=3 --server=127.0.0.1 --p
ort=3100
 []


Overfull \hbox (20.71742pt too wide) in paragraph at lines 271--279
\T1/cmtt/m/n/12 --loglevel=severe --serverversion=68 --factory=NaoRF --decision
maker=31
 []


Overfull \hbox (20.71742pt too wide) in paragraph at lines 279--287
\T1/cmtt/m/n/12 arg: --teamname="RoboFreunde--playerid=8 --server=127.0.0.1 --p
ort=3100
 []


Overfull \hbox (20.71742pt too wide) in paragraph at lines 279--287
\T1/cmtt/m/n/12 --loglevel=severe --serverversion=68 --factory=NaoRF --decision
maker=31
 []


Overfull \hbox (20.71742pt too wide) in paragraph at lines 279--287
\T1/cmtt/m/n/12 arg: --teamname="RoboFreunde--playerid=9 --server=127.0.0.1 --p
ort=3100
 []


Overfull \hbox (20.71742pt too wide) in paragraph at lines 279--287
\T1/cmtt/m/n/12 --loglevel=severe --serverversion=68 --factory=NaoRF --decision
maker=31
 []


Overfull \hbox (26.89091pt too wide) in paragraph at lines 279--287
\T1/cmtt/m/n/12 arg: --teamname="RoboFreunde--playerid=10 --server=127.0.0.1 --
port=3100
 []


Overfull \hbox (20.71742pt too wide) in paragraph at lines 279--287
\T1/cmtt/m/n/12 --loglevel=severe --serverversion=68 --factory=NaoRF --decision
maker=31
 []

Package babel Info: Redefining ngerman shorthand "|
(babel)             in language append on input line 287.
Package babel Info: Redefining ngerman shorthand "~
(babel)             in language append on input line 287.
Package babel Info: Redefining ngerman shorthand "|
(babel)             in language append on input line 287.
Package babel Info: Redefining ngerman shorthand "~
(babel)             in language append on input line 287.
[11]
Overfull \hbox (20.71742pt too wide) in paragraph at lines 287--295
\T1/cmtt/m/n/12 arg: --teamname="RoboFreunde--playerid=4 --server=127.0.0.1 --p
ort=3100
 []


Overfull \hbox (20.71742pt too wide) in paragraph at lines 287--295
\T1/cmtt/m/n/12 --loglevel=severe --serverversion=68 --factory=NaoRF --decision
maker=31
 []


Overfull \hbox (20.71742pt too wide) in paragraph at lines 287--295
\T1/cmtt/m/n/12 arg: --teamname="RoboFreunde--playerid=7 --server=127.0.0.1 --p
ort=3100
 []


Overfull \hbox (20.71742pt too wide) in paragraph at lines 287--295
\T1/cmtt/m/n/12 --loglevel=severe --serverversion=68 --factory=NaoRF --decision
maker=31
 []


Overfull \hbox (20.71742pt too wide) in paragraph at lines 287--295
\T1/cmtt/m/n/12 arg: --teamname="RoboFreunde--playerid=5 --server=127.0.0.1 --p
ort=3100
 []


Overfull \hbox (20.71742pt too wide) in paragraph at lines 287--295
\T1/cmtt/m/n/12 --loglevel=severe --serverversion=68 --factory=NaoRF --decision
maker=31
 []


Overfull \hbox (20.71742pt too wide) in paragraph at lines 298--300
\T1/cmtt/m/n/12 arg: --teamname="RoboFreunde--server=127.0.0.1 --playerid=2 --p
ort=3100
 []


Overfull \hbox (20.71742pt too wide) in paragraph at lines 298--300
\T1/cmtt/m/n/12 --loglevel=severe --serverversion=68 --factory=NaoRF --decision
maker=12
 []


Overfull \hbox (20.71742pt too wide) in paragraph at lines 300--302
\T1/cmtt/m/n/12 arg: --teamname="RoboFreunde--server=127.0.0.1 --playerid=2 --p
ort=3100
 []


Overfull \hbox (20.71742pt too wide) in paragraph at lines 300--302
\T1/cmtt/m/n/12 --loglevel=severe --serverversion=68 --factory=NaoRF --decision
maker=14
 []


Overfull \hbox (20.71742pt too wide) in paragraph at lines 305--307
\T1/cmtt/m/n/12 arg: --teamname="RoboFreunde--server=127.0.0.1 --playerid=2 --p
ort=3100
 []


Overfull \hbox (20.71742pt too wide) in paragraph at lines 305--307
\T1/cmtt/m/n/12 --loglevel=severe --serverversion=68 --factory=NaoRF --decision
maker=26
 []

Package babel Info: Redefining ngerman shorthand "|
(babel)             in language append on input line 307.
Package babel Info: Redefining ngerman shorthand "~
(babel)             in language append on input line 307.
Package babel Info: Redefining ngerman shorthand "|
(babel)             in language append on input line 307.
Package babel Info: Redefining ngerman shorthand "~
(babel)             in language append on input line 307.
[12]
Overfull \hbox (20.71742pt too wide) in paragraph at lines 307--309
\T1/cmtt/m/n/12 arg: --teamname="RoboFreunde--playerid=2 --server=127.0.0.1 --p
ort=3100
 []


Overfull \hbox (20.71742pt too wide) in paragraph at lines 307--309
\T1/cmtt/m/n/12 --loglevel=severe --serverversion=68 --factory=NaoRF --decision
maker=13 
 []


Overfull \hbox (20.71742pt too wide) in paragraph at lines 309--311
\T1/cmtt/m/n/12 arg: --teamname="RoboFreunde--playerid=2 --server=127.0.0.1 --p
ort=3100
 []


Overfull \hbox (20.71742pt too wide) in paragraph at lines 309--311
\T1/cmtt/m/n/12 --loglevel=severe --serverversion=68 --factory=NaoRF --decision
maker=23 
 []


Overfull \hbox (20.71742pt too wide) in paragraph at lines 311--313
\T1/cmtt/m/n/12 arg: --teamname="RoboFreunde--playerid=2 --server=127.0.0.1 --p
ort=3100
 []


Overfull \hbox (26.89091pt too wide) in paragraph at lines 311--313
\T1/cmtt/m/n/12 --loglevel=severe --serverversion=68 --factory=NaoRF --decision
maker=100 
 []

Package babel Info: Redefining ngerman shorthand "|
(babel)             in language append on input line 316.
Package babel Info: Redefining ngerman shorthand "~
(babel)             in language append on input line 316.
Package babel Info: Redefining ngerman shorthand "|
(babel)             in language append on input line 319.
Package babel Info: Redefining ngerman shorthand "~
(babel)             in language append on input line 319.

Underfull \hbox (badness 10000) in paragraph at lines 320--323

 []

Package babel Info: Redefining ngerman shorthand "|
(babel)             in language append on input line 339.
Package babel Info: Redefining ngerman shorthand "~
(babel)             in language append on input line 339.
Package babel Info: Redefining ngerman shorthand "|
(babel)             in language append on input line 339.
Package babel Info: Redefining ngerman shorthand "~
(babel)             in language append on input line 339.
[13]
Package babel Info: Redefining ngerman shorthand "|
(babel)             in language append on input line 380.
Package babel Info: Redefining ngerman shorthand "~
(babel)             in language append on input line 380.
Package babel Info: Redefining ngerman shorthand "|
(babel)             in language append on input line 380.
Package babel Info: Redefining ngerman shorthand "~
(babel)             in language append on input line 380.
 [14]
Package babel Info: Redefining ngerman shorthand "|
(babel)             in language append on input line 392.
Package babel Info: Redefining ngerman shorthand "~
(babel)             in language append on input line 392.

Underfull \hbox (badness 10000) in paragraph at lines 393--399

 []


Underfull \hbox (badness 10000) in paragraph at lines 393--399

 []

Package babel Info: Redefining ngerman shorthand "|
(babel)             in language append on input line 402.
Package babel Info: Redefining ngerman shorthand "~
(babel)             in language append on input line 402.
Package babel Info: Redefining ngerman shorthand "|
(babel)             in language append on input line 402.
Package babel Info: Redefining ngerman shorthand "~
(babel)             in language append on input line 402.
[15]
Package babel Info: Redefining ngerman shorthand "|
(babel)             in language append on input line 417.
Package babel Info: Redefining ngerman shorthand "~
(babel)             in language append on input line 417.
Package babel Info: Redefining ngerman shorthand "|
(babel)             in language append on input line 420.
Package babel Info: Redefining ngerman shorthand "~
(babel)             in language append on input line 420.

Underfull \hbox (badness 10000) in paragraph at lines 421--422

 []

Package babel Info: Redefining ngerman shorthand "|
(babel)             in language append on input line 425.
Package babel Info: Redefining ngerman shorthand "~
(babel)             in language append on input line 425.

Underfull \hbox (badness 10000) in paragraph at lines 426--427

 []


Underfull \hbox (badness 10000) in paragraph at lines 428--435

 []


Underfull \hbox (badness 10000) in paragraph at lines 428--435

 []


Underfull \hbox (badness 10000) in paragraph at lines 428--435

 []

Package babel Info: Redefining ngerman shorthand "|
(babel)             in language append on input line 435.
Package babel Info: Redefining ngerman shorthand "~
(babel)             in language append on input line 435.
Package babel Info: Redefining ngerman shorthand "|
(babel)             in language append on input line 435.
Package babel Info: Redefining ngerman shorthand "~
(babel)             in language append on input line 435.
[16]
Package babel Info: Redefining ngerman shorthand "|
(babel)             in language append on input line 436.
Package babel Info: Redefining ngerman shorthand "~
(babel)             in language append on input line 436.

Underfull \hbox (badness 10000) in paragraph at lines 437--438

 []

Package babel Info: Redefining ngerman shorthand "|
(babel)             in language append on input line 441.
Package babel Info: Redefining ngerman shorthand "~
(babel)             in language append on input line 441.

Underfull \hbox (badness 10000) in paragraph at lines 442--443

 []


LaTeX Warning: Reference `se:Elementare Bewegungen' on page 17 undefined on inp
ut line 444.

Package babel Info: Redefining ngerman shorthand "|
(babel)             in language append on input line 445.
Package babel Info: Redefining ngerman shorthand "~
(babel)             in language append on input line 445.
Package babel Info: Redefining ngerman shorthand "|
(babel)             in language append on input line 445.
Package babel Info: Redefining ngerman shorthand "~
(babel)             in language append on input line 445.
[17]
Package babel Info: Redefining ngerman shorthand "|
(babel)             in language append on input line 446.
Package babel Info: Redefining ngerman shorthand "~
(babel)             in language append on input line 446.

Underfull \hbox (badness 10000) in paragraph at lines 447--448

 []

<Grafiken/KI/simple_Player.png, id=177, 446.66875pt x 380.42125pt>
File: Grafiken/KI/simple_Player.png Graphic file (type png)

<use Grafiken/KI/simple_Player.png>
Package pdftex.def Info: Grafiken/KI/simple_Player.png used on input line 453.
(pdftex.def)             Requested size: 313.69029pt x 267.16956pt.


LaTeX Warning: Reference `Simple keeper' on page 18 undefined on input line 458
.

Package babel Info: Redefining ngerman shorthand "|
(babel)             in language append on input line 460.
Package babel Info: Redefining ngerman shorthand "~
(babel)             in language append on input line 460.

Underfull \hbox (badness 10000) in paragraph at lines 461--462

 []

Package babel Info: Redefining ngerman shorthand "|
(babel)             in language append on input line 463.
Package babel Info: Redefining ngerman shorthand "~
(babel)             in language append on input line 463.
Package babel Info: Redefining ngerman shorthand "|
(babel)             in language append on input line 463.
Package babel Info: Redefining ngerman shorthand "~
(babel)             in language append on input line 463.
[18 <./Grafiken/KI/simple_Player.png>]
Package babel Info: Redefining ngerman shorthand "|
(babel)             in language append on input line 465.
Package babel Info: Redefining ngerman shorthand "~
(babel)             in language append on input line 465.

Underfull \hbox (badness 10000) in paragraph at lines 466--467

 []

<Grafiken/KI/SimpleStrategyDecider.png, id=186, 426.59375pt x 416.55624pt>
File: Grafiken/KI/SimpleStrategyDecider.png Graphic file (type png)

<use Grafiken/KI/SimpleStrategyDecider.png>
Package pdftex.def Info: Grafiken/KI/SimpleStrategyDecider.png used on input li
ne 478.
(pdftex.def)             Requested size: 313.69029pt x 306.32724pt.
Package babel Info: Redefining ngerman shorthand "|
(babel)             in language append on input line 482.
Package babel Info: Redefining ngerman shorthand "~
(babel)             in language append on input line 482.
Package babel Info: Redefining ngerman shorthand "|
(babel)             in language append on input line 482.
Package babel Info: Redefining ngerman shorthand "~
(babel)             in language append on input line 482.
 [19]

LaTeX Warning: Reference `Einfacher Strategie Entscheider' on page 20 undefined
 on input line 483.

Package babel Info: Redefining ngerman shorthand "|
(babel)             in language append on input line 485.
Package babel Info: Redefining ngerman shorthand "~
(babel)             in language append on input line 485.

Underfull \hbox (badness 10000) in paragraph at lines 486--487

 []

<Grafiken/KI/Ki-Concept.png, id=194, 615.29875pt x 288.07625pt>
File: Grafiken/KI/Ki-Concept.png Graphic file (type png)

<use Grafiken/KI/Ki-Concept.png>
Package pdftex.def Info: Grafiken/KI/Ki-Concept.png used on input line 490.
(pdftex.def)             Requested size: 448.13095pt x 209.81477pt.
Package babel Info: Redefining ngerman shorthand "|
(babel)             in language append on input line 494.
Package babel Info: Redefining ngerman shorthand "~
(babel)             in language append on input line 494.
Package babel Info: Redefining ngerman shorthand "|
(babel)             in language append on input line 494.
Package babel Info: Redefining ngerman shorthand "~
(babel)             in language append on input line 494.
 [20 <./Grafiken/KI/SimpleStrategyDecider.png>]

LaTeX Warning: Reference `Gesamtkonzept KI' on page 21 undefined on input line 
495.

Package babel Info: Redefining ngerman shorthand "|
(babel)             in language append on input line 498.
Package babel Info: Redefining ngerman shorthand "~
(babel)             in language append on input line 498.

Underfull \hbox (badness 10000) in paragraph at lines 499--506

 []


Underfull \hbox (badness 10000) in paragraph at lines 499--506

 []


Underfull \hbox (badness 10000) in paragraph at lines 499--506

 []

Package babel Info: Redefining ngerman shorthand "|
(babel)             in language append on input line 507.
Package babel Info: Redefining ngerman shorthand "~
(babel)             in language append on input line 507.

LaTeX Warning: Reference `se:Grafisches Debugging' on page 21 undefined on inpu
t line 514.


Underfull \hbox (badness 10000) in paragraph at lines 508--515

 []


Underfull \hbox (badness 10000) in paragraph at lines 508--515

 []


Underfull \hbox (badness 10000) in paragraph at lines 508--515

 []

Package babel Info: Redefining ngerman shorthand "|
(babel)             in language append on input line 515.
Package babel Info: Redefining ngerman shorthand "~
(babel)             in language append on input line 515.
Package babel Info: Redefining ngerman shorthand "|
(babel)             in language append on input line 515.
Package babel Info: Redefining ngerman shorthand "~
(babel)             in language append on input line 515.
[21 <./Grafiken/KI/Ki-Concept.png>]
Package babel Info: Redefining ngerman shorthand "|
(babel)             in language append on input line 516.
Package babel Info: Redefining ngerman shorthand "~
(babel)             in language append on input line 516.
Package babel Info: Redefining ngerman shorthand "|
(babel)             in language append on input line 518.
Package babel Info: Redefining ngerman shorthand "~
(babel)             in language append on input line 518.
Package babel Info: Redefining ngerman shorthand "|
(babel)             in language append on input line 520.
Package babel Info: Redefining ngerman shorthand "~
(babel)             in language append on input line 520.
Package babel Info: Redefining ngerman shorthand "|
(babel)             in language append on input line 522.
Package babel Info: Redefining ngerman shorthand "~
(babel)             in language append on input line 522.
Package babel Info: Redefining ngerman shorthand "|
(babel)             in language append on input line 524.
Package babel Info: Redefining ngerman shorthand "~
(babel)             in language append on input line 524.
Package babel Info: Redefining ngerman shorthand "|
(babel)             in language append on input line 527.
Package babel Info: Redefining ngerman shorthand "~
(babel)             in language append on input line 527.

Underfull \hbox (badness 10000) in paragraph at lines 528--529

 []


LaTeX Warning: Reference `Rollen Konzept' on page 22 undefined on input line 53
0.


Underfull \hbox (badness 10000) in paragraph at lines 530--532

 []

Package babel Info: Redefining ngerman shorthand "|
(babel)             in language append on input line 532.
Package babel Info: Redefining ngerman shorthand "~
(babel)             in language append on input line 532.
Package babel Info: Redefining ngerman shorthand "|
(babel)             in language append on input line 532.
Package babel Info: Redefining ngerman shorthand "~
(babel)             in language append on input line 532.
[22]
Underfull \hbox (badness 10000) in paragraph at lines 533--535

 []

Package babel Info: Redefining ngerman shorthand "|
(babel)             in language append on input line 539.
Package babel Info: Redefining ngerman shorthand "~
(babel)             in language append on input line 539.

Underfull \hbox (badness 10000) in paragraph at lines 540--541

 []

Package babel Info: Redefining ngerman shorthand "|
(babel)             in language append on input line 544.
Package babel Info: Redefining ngerman shorthand "~
(babel)             in language append on input line 544.

Underfull \hbox (badness 10000) in paragraph at lines 545--546

 []


Underfull \hbox (badness 10000) in paragraph at lines 547--549

 []


Underfull \hbox (badness 10000) in paragraph at lines 550--552

 []


Underfull \hbox (badness 10000) in paragraph at lines 553--555

 []

Package babel Info: Redefining ngerman shorthand "|
(babel)             in language append on input line 557.
Package babel Info: Redefining ngerman shorthand "~
(babel)             in language append on input line 557.
Package babel Info: Redefining ngerman shorthand "|
(babel)             in language append on input line 557.
Package babel Info: Redefining ngerman shorthand "~
(babel)             in language append on input line 557.
[23]

LaTeX Warning: Reference `Beispiel Basisklasse St\IeC {\"u}rmer' on page 24 und
efined on input line 583.


Underfull \hbox (badness 10000) in paragraph at lines 585--587

 []

Package babel Info: Redefining ngerman shorthand "|
(babel)             in language append on input line 602.
Package babel Info: Redefining ngerman shorthand "~
(babel)             in language append on input line 602.
Package babel Info: Redefining ngerman shorthand "|
(babel)             in language append on input line 602.
Package babel Info: Redefining ngerman shorthand "~
(babel)             in language append on input line 602.
[24]

LaTeX Warning: Reference `Beispiel eines konkreten States: GoToBallState' on pa
ge 25 undefined on input line 618.

Package babel Info: Redefining ngerman shorthand "|
(babel)             in language append on input line 620.
Package babel Info: Redefining ngerman shorthand "~
(babel)             in language append on input line 620.

Underfull \hbox (badness 10000) in paragraph at lines 621--622

 []

<Grafiken/KI/Keeper.png, id=268, 787.94376pt x 376.40625pt>
File: Grafiken/KI/Keeper.png Graphic file (type png)

<use Grafiken/KI/Keeper.png>
Package pdftex.def Info: Grafiken/KI/Keeper.png used on input line 625.
(pdftex.def)             Requested size: 448.13095pt x 214.07133pt.
Package babel Info: Redefining ngerman shorthand "|
(babel)             in language append on input line 629.
Package babel Info: Redefining ngerman shorthand "~
(babel)             in language append on input line 629.
Package babel Info: Redefining ngerman shorthand "|
(babel)             in language append on input line 629.
Package babel Info: Redefining ngerman shorthand "~
(babel)             in language append on input line 629.
 [25]

LaTeX Warning: Reference `Torwart Entscheidungsbaum' on page 26 undefined on in
put line 630.


Underfull \hbox (badness 10000) in paragraph at lines 630--632

 []


Underfull \hbox (badness 10000) in paragraph at lines 633--635

 []


Underfull \hbox (badness 10000) in paragraph at lines 636--638

 []


Underfull \hbox (badness 10000) in paragraph at lines 639--641

 []


Underfull \hbox (badness 10000) in paragraph at lines 642--644

 []

<Grafiken/KI/guard_goal.png, id=291, 841.64438pt x 521.69907pt>
File: Grafiken/KI/guard_goal.png Graphic file (type png)

<use Grafiken/KI/guard_goal.png>
Package pdftex.def Info: Grafiken/KI/guard_goal.png used on input line 647.
(pdftex.def)             Requested size: 448.13095pt x 277.78082pt.
Package babel Info: Redefining ngerman shorthand "|
(babel)             in language append on input line 651.
Package babel Info: Redefining ngerman shorthand "~
(babel)             in language append on input line 651.
Package babel Info: Redefining ngerman shorthand "|
(babel)             in language append on input line 651.
Package babel Info: Redefining ngerman shorthand "~
(babel)             in language append on input line 651.
 [26 <./Grafiken/KI/Keeper.png>]

LaTeX Warning: Reference `Veranschaulichung des GuardGoalState' on page 27 unde
fined on input line 652.


Underfull \hbox (badness 10000) in paragraph at lines 652--654

 []


LaTeX Warning: Reference `Umsetzung des GuardGoalState' on page 27 undefined on
 input line 666.


Underfull \hbox (badness 10000) in paragraph at lines 666--668

 []

Package babel Info: Redefining ngerman shorthand "|
(babel)             in language append on input line 668.
Package babel Info: Redefining ngerman shorthand "~
(babel)             in language append on input line 668.
Package babel Info: Redefining ngerman shorthand "|
(babel)             in language append on input line 668.
Package babel Info: Redefining ngerman shorthand "~
(babel)             in language append on input line 668.
[27 <./Grafiken/KI/guard_goal.png>]
Underfull \hbox (badness 10000) in paragraph at lines 669--673

 []


LaTeX Warning: Reference `ESM Torwart' on page 28 undefined on input line 681.

Package babel Info: Redefining ngerman shorthand "|
(babel)             in language append on input line 682.
Package babel Info: Redefining ngerman shorthand "~
(babel)             in language append on input line 682.

Underfull \hbox (badness 10000) in paragraph at lines 683--684

 []

<Grafiken/KI/attackerCenter_v2.png, id=311, 827.09pt x 568.1225pt>
File: Grafiken/KI/attackerCenter_v2.png Graphic file (type png)

<use Grafiken/KI/attackerCenter_v2.png>
Package pdftex.def Info: Grafiken/KI/attackerCenter_v2.png used on input line 6
87.
(pdftex.def)             Requested size: 448.13095pt x 307.82182pt.
Package babel Info: Redefining ngerman shorthand "|
(babel)             in language append on input line 691.
Package babel Info: Redefining ngerman shorthand "~
(babel)             in language append on input line 691.
Package babel Info: Redefining ngerman shorthand "|
(babel)             in language append on input line 691.
Package babel Info: Redefining ngerman shorthand "~
(babel)             in language append on input line 691.
 [28]
Package babel Info: Redefining ngerman shorthand "|
(babel)             in language append on input line 692.
Package babel Info: Redefining ngerman shorthand "~
(babel)             in language append on input line 692.

<Grafiken/KI/defender/defender.png, id=321, 473.77pt x 313.17pt>
File: Grafiken/KI/defender/defender.png Graphic file (type png)

<use Grafiken/KI/defender/defender.png>
Package pdftex.def Info: Grafiken/KI/defender/defender.png used on input line 6
95.
(pdftex.def)             Requested size: 448.13095pt x 296.23392pt.
Package babel Info: Redefining ngerman shorthand "|
(babel)             in language append on input line 699.
Package babel Info: Redefining ngerman shorthand "~
(babel)             in language append on input line 699.
Package babel Info: Redefining ngerman shorthand "|
(babel)             in language append on input line 699.
Package babel Info: Redefining ngerman shorthand "~
(babel)             in language append on input line 699.
 [29 <./Grafiken/KI/attackerCenter_v2.png>]
Package babel Info: Redefining ngerman shorthand "|
(babel)             in language append on input line 701.
Package babel Info: Redefining ngerman shorthand "~
(babel)             in language append on input line 701.
 <Grafiken/KI/defender/vorgehensweise.png, id=328, 301.125pt x 413.545pt>
File: Grafiken/KI/defender/vorgehensweise.png Graphic file (type png)

<use Grafiken/KI/defender/vorgehensweise.png>
Package pdftex.def Info: Grafiken/KI/defender/vorgehensweise.png used on input 
line 704.
(pdftex.def)             Requested size: 301.12425pt x 413.58183pt.
Package babel Info: Redefining ngerman shorthand "|
(babel)             in language append on input line 708.
Package babel Info: Redefining ngerman shorthand "~
(babel)             in language append on input line 708.
Package babel Info: Redefining ngerman shorthand "|
(babel)             in language append on input line 708.
Package babel Info: Redefining ngerman shorthand "~
(babel)             in language append on input line 708.
 [30 <./Grafiken/KI/defender/defender.png>]

LaTeX Warning: Reference `Vorgehensweise-Verteidgers' on page 31 undefined on i
nput line 708.


Underfull \hbox (badness 10000) in paragraph at lines 708--710

 []


Underfull \hbox (badness 10000) in paragraph at lines 708--710

 []

Package babel Info: Redefining ngerman shorthand "|
(babel)             in language append on input line 710.
Package babel Info: Redefining ngerman shorthand "~
(babel)             in language append on input line 710.
<Grafiken/KI/defender/useCases.png, id=336, 739.26187pt x 152.06813pt>
File: Grafiken/KI/defender/useCases.png Graphic file (type png)

<use Grafiken/KI/defender/useCases.png>
Package pdftex.def Info: Grafiken/KI/defender/useCases.png used on input line 7
13.
(pdftex.def)             Requested size: 448.13095pt x 92.18132pt.
Package babel Info: Redefining ngerman shorthand "|
(babel)             in language append on input line 717.
Package babel Info: Redefining ngerman shorthand "~
(babel)             in language append on input line 717.
Package babel Info: Redefining ngerman shorthand "|
(babel)             in language append on input line 717.
Package babel Info: Redefining ngerman shorthand "~
(babel)             in language append on input line 717.
 [31 <./Grafiken/KI/defender/vorgehensweise.png>]

LaTeX Warning: Reference `Usecases-Verteidigers' on page 32 undefined on input 
line 718.

Package babel Info: Redefining ngerman shorthand "|
(babel)             in language append on input line 731.
Package babel Info: Redefining ngerman shorthand "~
(babel)             in language append on input line 731.

Underfull \hbox (badness 10000) in paragraph at lines 732--733

 []

Package babel Info: Redefining ngerman shorthand "|
(babel)             in language append on input line 733.
Package babel Info: Redefining ngerman shorthand "~
(babel)             in language append on input line 733.
Package babel Info: Redefining ngerman shorthand "|
(babel)             in language append on input line 739.
Package babel Info: Redefining ngerman shorthand "~
(babel)             in language append on input line 739.
Package babel Info: Redefining ngerman shorthand "|
(babel)             in language append on input line 739.
Package babel Info: Redefining ngerman shorthand "~
(babel)             in language append on input line 739.
[32 <./Grafiken/KI/defender/useCases.png>]
Package babel Info: Redefining ngerman shorthand "|
(babel)             in language append on input line 741.
Package babel Info: Redefining ngerman shorthand "~
(babel)             in language append on input line 741.

<Grafiken/KI/Bsp-Zustandsdiagramm.png, id=354, 492.84125pt x 369.38pt>
File: Grafiken/KI/Bsp-Zustandsdiagramm.png Graphic file (type png)

<use Grafiken/KI/Bsp-Zustandsdiagramm.png>
Package pdftex.def Info: Grafiken/KI/Bsp-Zustandsdiagramm.png used on input lin
e 746.
(pdftex.def)             Requested size: 380.91403pt x 285.50563pt.
LaTeX Font Info:    External font `cmex10' loaded for size
(Font)              <7> on input line 751.
LaTeX Font Info:    External font `cmex10' loaded for size
(Font)              <5> on input line 751.

Overfull \hbox (5.5431pt too wide) in paragraph at lines 751--752
\T1/cmr/m/n/12 er-leich-tern. Un-ter an-de-rem für C++: Boost.MSM (Me-ta State 
Ma-chi-ne), Boost.Statechart
 []

Package babel Info: Redefining ngerman shorthand "|
(babel)             in language append on input line 753.
Package babel Info: Redefining ngerman shorthand "~
(babel)             in language append on input line 753.

LaTeX Warning: Citation `buckland2005programming' on page 33 undefined on input
 line 754.


LaTeX Warning: Reference `fig2' on page 33 undefined on input line 754.


LaTeX Warning: Citation `gamma1994design' on page 33 undefined on input line 75
4.

Package babel Info: Redefining ngerman shorthand "|
(babel)             in language append on input line 755.
Package babel Info: Redefining ngerman shorthand "~
(babel)             in language append on input line 755.
Package babel Info: Redefining ngerman shorthand "|
(babel)             in language append on input line 755.
Package babel Info: Redefining ngerman shorthand "~
(babel)             in language append on input line 755.
[33 <./Grafiken/KI/Bsp-Zustandsdiagramm.png>]
<Grafiken/KI/goal-driven.png, id=367, 463.4916pt x 229.3368pt>
File: Grafiken/KI/goal-driven.png Graphic file (type png)

<use Grafiken/KI/goal-driven.png>
Package pdftex.def Info: Grafiken/KI/goal-driven.png used on input line 758.
(pdftex.def)             Requested size: 380.91403pt x 188.48431pt.


LaTeX Warning: Citation `buckland2005programming' on page 34 undefined on input
 line 759.


LaTeX Warning: Citation `buckland2005programming' on page 34 undefined on input
 line 759.

Package babel Info: Redefining ngerman shorthand "|
(babel)             in language append on input line 763.
Package babel Info: Redefining ngerman shorthand "~
(babel)             in language append on input line 763.
Package babel Info: Redefining ngerman shorthand "|
(babel)             in language append on input line 783.
Package babel Info: Redefining ngerman shorthand "~
(babel)             in language append on input line 783.
Package babel Info: Redefining ngerman shorthand "|
(babel)             in language append on input line 783.
Package babel Info: Redefining ngerman shorthand "~
(babel)             in language append on input line 783.
[34 <./Grafiken/KI/goal-driven.png>]
Package babel Info: Redefining ngerman shorthand "|
(babel)             in language append on input line 820.
Package babel Info: Redefining ngerman shorthand "~
(babel)             in language append on input line 820.
Package babel Info: Redefining ngerman shorthand "|
(babel)             in language append on input line 820.
Package babel Info: Redefining ngerman shorthand "~
(babel)             in language append on input line 820.
 [35]
Package babel Info: Redefining ngerman shorthand "|
(babel)             in language append on input line 830.
Package babel Info: Redefining ngerman shorthand "~
(babel)             in language append on input line 830.


LaTeX Warning: Reference `usecases_midfielder' on page 36 undefined on input li
ne 853.


LaTeX Warning: Reference `statechart_midfielder' on page 36 undefined on input 
line 853.

Package babel Info: Redefining ngerman shorthand "|
(babel)             in language append on input line 858.
Package babel Info: Redefining ngerman shorthand "~
(babel)             in language append on input line 858.

Underfull \hbox (badness 10000) in paragraph at lines 859--866

 []


Underfull \hbox (badness 10000) in paragraph at lines 859--866

 []


Underfull \hbox (badness 10000) in paragraph at lines 859--866

 []

Package babel Info: Redefining ngerman shorthand "|
(babel)             in language append on input line 866.
Package babel Info: Redefining ngerman shorthand "~
(babel)             in language append on input line 866.
Package babel Info: Redefining ngerman shorthand "|
(babel)             in language append on input line 866.
Package babel Info: Redefining ngerman shorthand "~
(babel)             in language append on input line 866.
[36]
Package babel Info: Redefining ngerman shorthand "|
(babel)             in language append on input line 867.
Package babel Info: Redefining ngerman shorthand "~
(babel)             in language append on input line 867.

<Grafiken/KI/Standardsituationen/KickoffSM.jpg, id=421, 803.0pt x 591.20876pt>
File: Grafiken/KI/Standardsituationen/KickoffSM.jpg Graphic file (type jpg)

<use Grafiken/KI/Standardsituationen/KickoffSM.jpg>
Package pdftex.def Info: Grafiken/KI/Standardsituationen/KickoffSM.jpg used on 
input line 872.
(pdftex.def)             Requested size: 448.13095pt x 329.947pt.

Underfull \hbox (badness 10000) in paragraph at lines 868--875

 []


Underfull \hbox (badness 10000) in paragraph at lines 868--875

 []


Underfull \hbox (badness 10000) in paragraph at lines 877--882

 []


Underfull \hbox (badness 10000) in paragraph at lines 877--882

 []

Package babel Info: Redefining ngerman shorthand "|
(babel)             in language append on input line 882.
Package babel Info: Redefining ngerman shorthand "~
(babel)             in language append on input line 882.
Package babel Info: Redefining ngerman shorthand "|
(babel)             in language append on input line 882.
Package babel Info: Redefining ngerman shorthand "~
(babel)             in language append on input line 882.
[37 <./Grafiken/KI/Standardsituationen/KickoffSM.jpg>]
Package babel Info: Redefining ngerman shorthand "|
(babel)             in language append on input line 883.
Package babel Info: Redefining ngerman shorthand "~
(babel)             in language append on input line 883.

<Grafiken/KI/Standardsituationen/FreeKickSM.jpg, id=430, 803.0pt x 686.565pt>
File: Grafiken/KI/Standardsituationen/FreeKickSM.jpg Graphic file (type jpg)

<use Grafiken/KI/Standardsituationen/FreeKickSM.jpg>
Package pdftex.def Info: Grafiken/KI/Standardsituationen/FreeKickSM.jpg used on
 input line 888.
(pdftex.def)             Requested size: 448.13095pt x 383.16426pt.

Underfull \hbox (badness 10000) in paragraph at lines 884--891

 []


Underfull \hbox (badness 10000) in paragraph at lines 884--891

 []

Package babel Info: Redefining ngerman shorthand "|
(babel)             in language append on input line 892.
Package babel Info: Redefining ngerman shorthand "~
(babel)             in language append on input line 892.
Package babel Info: Redefining ngerman shorthand "|
(babel)             in language append on input line 892.
Package babel Info: Redefining ngerman shorthand "~
(babel)             in language append on input line 892.
[38]
Underfull \hbox (badness 10000) in paragraph at lines 893--900

 []


Underfull \hbox (badness 10000) in paragraph at lines 893--900

 []


Underfull \hbox (badness 10000) in paragraph at lines 893--900

 []

Package babel Info: Redefining ngerman shorthand "|
(babel)             in language append on input line 901.
Package babel Info: Redefining ngerman shorthand "~
(babel)             in language append on input line 901.
<Grafiken/KI/Standardsituationen/KickInSM.jpg, id=436, 803.0pt x 683.55376pt>
File: Grafiken/KI/Standardsituationen/KickInSM.jpg Graphic file (type jpg)

<use Grafiken/KI/Standardsituationen/KickInSM.jpg>
Package pdftex.def Info: Grafiken/KI/Standardsituationen/KickInSM.jpg used on i
nput line 906.
(pdftex.def)             Requested size: 448.13095pt x 381.48372pt.

Underfull \hbox (badness 10000) in paragraph at lines 902--909

 []


Underfull \hbox (badness 10000) in paragraph at lines 902--909

 []

Package babel Info: Redefining ngerman shorthand "|
(babel)             in language append on input line 909.
Package babel Info: Redefining ngerman shorthand "~
(babel)             in language append on input line 909.
Package babel Info: Redefining ngerman shorthand "|
(babel)             in language append on input line 909.
Package babel Info: Redefining ngerman shorthand "~
(babel)             in language append on input line 909.
[39 <./Grafiken/KI/Standardsituationen/FreeKickSM.jpg>]
Package babel Info: Redefining ngerman shorthand "|
(babel)             in language append on input line 913.
Package babel Info: Redefining ngerman shorthand "~
(babel)             in language append on input line 913.

<Grafiken/KI/Standardsituationen/GoalKickSM.jpg, id=442, 803.0pt x 536.0025pt>
File: Grafiken/KI/Standardsituationen/GoalKickSM.jpg Graphic file (type jpg)

<use Grafiken/KI/Standardsituationen/GoalKickSM.jpg>
Package pdftex.def Info: Grafiken/KI/Standardsituationen/GoalKickSM.jpg used on
 input line 918.
(pdftex.def)             Requested size: 448.13095pt x 299.13701pt.

Underfull \hbox (badness 10000) in paragraph at lines 914--921

 []


Underfull \hbox (badness 10000) in paragraph at lines 914--921

 []

Package babel Info: Redefining ngerman shorthand "|
(babel)             in language append on input line 922.
Package babel Info: Redefining ngerman shorthand "~
(babel)             in language append on input line 922.
Package babel Info: Redefining ngerman shorthand "|
(babel)             in language append on input line 922.
Package babel Info: Redefining ngerman shorthand "~
(babel)             in language append on input line 922.
[40 <./Grafiken/KI/Standardsituationen/KickInSM.jpg>]
Package babel Info: Redefining ngerman shorthand "|
(babel)             in language append on input line 925.
Package babel Info: Redefining ngerman shorthand "~
(babel)             in language append on input line 925.

Underfull \hbox (badness 10000) in paragraph at lines 926--936

 []


Underfull \hbox (badness 10000) in paragraph at lines 926--936

 []


Underfull \hbox (badness 10000) in paragraph at lines 926--936

 []


Underfull \hbox (badness 10000) in paragraph at lines 926--936

 []

Package babel Info: Redefining ngerman shorthand "|
(babel)             in language append on input line 936.
Package babel Info: Redefining ngerman shorthand "~
(babel)             in language append on input line 936.
Package babel Info: Redefining ngerman shorthand "|
(babel)             in language append on input line 936.
Package babel Info: Redefining ngerman shorthand "~
(babel)             in language append on input line 936.
[41 <./Grafiken/KI/Standardsituationen/GoalKickSM.jpg>]
Underfull \hbox (badness 10000) in paragraph at lines 941--947

 []


Underfull \hbox (badness 10000) in paragraph at lines 941--947

 []

Package babel Info: Redefining ngerman shorthand "|
(babel)             in language append on input line 948.
Package babel Info: Redefining ngerman shorthand "~
(babel)             in language append on input line 948.
Package babel Info: Redefining ngerman shorthand "|
(babel)             in language append on input line 950.
Package babel Info: Redefining ngerman shorthand "~
(babel)             in language append on input line 950.
Package babel Info: Redefining ngerman shorthand "|
(babel)             in language append on input line 952.
Package babel Info: Redefining ngerman shorthand "~
(babel)             in language append on input line 952.
Package babel Info: Redefining ngerman shorthand "|
(babel)             in language append on input line 954.
Package babel Info: Redefining ngerman shorthand "~
(babel)             in language append on input line 954.
Package babel Info: Redefining ngerman shorthand "|
(babel)             in language append on input line 958.
Package babel Info: Redefining ngerman shorthand "~
(babel)             in language append on input line 958.
\tf@lof=\write5
\openout5 = `"Dokumentation Robotik.lof"'.


Class scrartcl Warning: Usage of deprecated \float@listhead!
(scrartcl)              You should use the features of package `tocbasic'
(scrartcl)              instead of \float@listhead.
(scrartcl)              Definition of \float@listhead my be removed from
(scrartcl)              `scrartcl' soon, so it should not be used  on input lin
e 961.

\tf@lol=\write6
\openout6 = `"Dokumentation Robotik.lol"'.

Package babel Info: Redefining ngerman shorthand "|
(babel)             in language append on input line 963.
Package babel Info: Redefining ngerman shorthand "~
(babel)             in language append on input line 963.
Package babel Info: Redefining ngerman shorthand "|
(babel)             in language append on input line 964.
Package babel Info: Redefining ngerman shorthand "~
(babel)             in language append on input line 964.

<Grafiken/KI/mittelfeldspieler/eigene_mannschaft_im_angriff.png, id=456, 807.01
5pt x 785.93625pt>
File: Grafiken/KI/mittelfeldspieler/eigene_mannschaft_im_angriff.png Graphic fi
le (type png)

<use Grafiken/KI/mittelfeldspieler/eigene_mannschaft_im_angriff.png>
Package pdftex.def Info: Grafiken/KI/mittelfeldspieler/eigene_mannschaft_im_ang
riff.png used on input line 967.
(pdftex.def)             Requested size: 807.01303pt x 785.93433pt.
Package babel Info: Redefining ngerman shorthand "|
(babel)             in language append on input line 969.
Package babel Info: Redefining ngerman shorthand "~
(babel)             in language append on input line 969.
Package babel Info: Redefining ngerman shorthand "|
(babel)             in language append on input line 969.
Package babel Info: Redefining ngerman shorthand "~
(babel)             in language append on input line 969.
 [42]
Package babel Info: Redefining ngerman shorthand "|
(babel)             in language append on input line 969.
Package babel Info: Redefining ngerman shorthand "~
(babel)             in language append on input line 969.
Package babel Info: Redefining ngerman shorthand "|
(babel)             in language append on input line 969.
Package babel Info: Redefining ngerman shorthand "~
(babel)             in language append on input line 969.

[43]
Overfull \vbox (27.30089pt too high) has occurred while \output is active []

Package babel Info: Redefining ngerman shorthand "|
(babel)             in language append on input line 969.
Package babel Info: Redefining ngerman shorthand "~
(babel)             in language append on input line 969.
Package babel Info: Redefining ngerman shorthand "|
(babel)             in language append on input line 969.
Package babel Info: Redefining ngerman shorthand "~
(babel)             in language append on input line 969.

[44 <./Grafiken/KI/mittelfeldspieler/eigene_mannschaft_im_angriff.png (PNG copy
)>]
<Grafiken/KI/mittelfeldspieler/eigene_mannschaft_im_angriff_fall_2.png, id=480,
 807.015pt x 785.93625pt>
File: Grafiken/KI/mittelfeldspieler/eigene_mannschaft_im_angriff_fall_2.png Gra
phic file (type png)

<use Grafiken/KI/mittelfeldspieler/eigene_mannschaft_im_angriff_fall_2.png>
Package pdftex.def Info: Grafiken/KI/mittelfeldspieler/eigene_mannschaft_im_ang
riff_fall_2.png used on input line 969.
(pdftex.def)             Requested size: 807.01303pt x 785.93433pt.

<Grafiken/KI/mittelfeldspieler/gegnerische_mannschaft_im_angriff.png, id=481, 8
32.10875pt x 742.775pt>
File: Grafiken/KI/mittelfeldspieler/gegnerische_mannschaft_im_angriff.png Graph
ic file (type png)

<use Grafiken/KI/mittelfeldspieler/gegnerische_mannschaft_im_angriff.png>
Package pdftex.def Info: Grafiken/KI/mittelfeldspieler/gegnerische_mannschaft_i
m_angriff.png used on input line 971.
(pdftex.def)             Requested size: 832.10672pt x 742.77318pt.
Package babel Info: Redefining ngerman shorthand "|
(babel)             in language append on input line 973.
Package babel Info: Redefining ngerman shorthand "~
(babel)             in language append on input line 973.
Package babel Info: Redefining ngerman shorthand "|
(babel)             in language append on input line 973.
Package babel Info: Redefining ngerman shorthand "~
(babel)             in language append on input line 973.

[45 <./Grafiken/KI/mittelfeldspieler/eigene_mannschaft_im_angriff_fall_2.png (P
NG copy)>]
<Grafiken/KI/mittelfeldspieler/gegnerische_mannschaft_im_angriff_fall_2.png, id
=486, 832.10875pt x 742.775pt>
File: Grafiken/KI/mittelfeldspieler/gegnerische_mannschaft_im_angriff_fall_2.pn
g Graphic file (type png)

<use Grafiken/KI/mittelfeldspieler/gegnerische_mannschaft_im_angriff_fall_2.png
>
Package pdftex.def Info: Grafiken/KI/mittelfeldspieler/gegnerische_mannschaft_i
m_angriff_fall_2.png used on input line 973.
(pdftex.def)             Requested size: 832.10672pt x 742.77318pt.
Package babel Info: Redefining ngerman shorthand "|
(babel)             in language append on input line 975.
Package babel Info: Redefining ngerman shorthand "~
(babel)             in language append on input line 975.
Package babel Info: Redefining ngerman shorthand "|
(babel)             in language append on input line 975.
Package babel Info: Redefining ngerman shorthand "~
(babel)             in language append on input line 975.
 [46 <./Grafiken/KI/mittelfeldspieler/gegnerische_mannschaft_im_angriff.png (PN
G copy)>]
Package babel Info: Redefining ngerman shorthand "|
(babel)             in language append on input line 975.
Package babel Info: Redefining ngerman shorthand "~
(babel)             in language append on input line 975.

<Grafiken/KI/mittelfeldspieler/mittelfeldspieler.png, id=491, 1225.57875pt x 10
81.03876pt>
File: Grafiken/KI/mittelfeldspieler/mittelfeldspieler.png Graphic file (type pn
g)
 <use Grafiken/KI/mittelfeldspieler/mittelfeldspieler.png>
Package pdftex.def Info: Grafiken/KI/mittelfeldspieler/mittelfeldspieler.png us
ed on input line 978.
(pdftex.def)             Requested size: 1225.57578pt x 1081.03612pt.
Package atveryend Info: Empty hook `BeforeClearDocument' on input line 982.
Package babel Info: Redefining ngerman shorthand "|
(babel)             in language append on input line 982.
Package babel Info: Redefining ngerman shorthand "~
(babel)             in language append on input line 982.
Package babel Info: Redefining ngerman shorthand "|
(babel)             in language append on input line 982.
Package babel Info: Redefining ngerman shorthand "~
(babel)             in language append on input line 982.
 [47 <./Grafiken/KI/mittelfeldspieler/gegnerische_mannschaft_im_angriff_fall_2.
png (PNG copy)>]
Package babel Info: Redefining ngerman shorthand "|
(babel)             in language append on input line 982.
Package babel Info: Redefining ngerman shorthand "~
(babel)             in language append on input line 982.
Package babel Info: Redefining ngerman shorthand "|
(babel)             in language append on input line 982.
Package babel Info: Redefining ngerman shorthand "~
(babel)             in language append on input line 982.
 [48 <./Grafiken/KI/mittelfeldspieler/mittelfeldspieler.png (PNG copy)>]
Package atveryend Info: Empty hook `AfterLastShipout' on input line 982.

(./Dokumentation Robotik.aux)
Package atveryend Info: Executing hook `AtVeryEndDocument' on input line 982.
Package atveryend Info: Executing hook `AtEndAfterFileList' on input line 982.


Package rerunfilecheck Warning: File `"Dokumentation Robotik".out' has changed.

(rerunfilecheck)                Rerun to get outlines right
(rerunfilecheck)                or use package `bookmark'.

Package rerunfilecheck Info: Checksums for `"Dokumentation Robotik".out':
(rerunfilecheck)             Before: <no file>
(rerunfilecheck)             After:  E030356C255F508B6C9C8F4D02170E2D;4128.

LaTeX Warning: There were undefined references.


LaTeX Warning: Label(s) may have changed. Rerun to get cross-references right.

Package atveryend Info: Empty hook `AtVeryVeryEnd' on input line 982.
 ) 
Here is how much of TeX's memory you used:
 9682 strings out of 493387
 144124 string characters out of 6143041
 340699 words of memory out of 5000000
 12690 multiletter control sequences out of 15000+600000
 18596 words of font info for 42 fonts, out of 8000000 for 9000
 953 hyphenation exceptions out of 8191
 37i,10n,47p,1026b,1882s stack positions out of 5000i,500n,10000p,200000b,80000s
{/usr/share/texlive/texmf-dist/fonts/enc/dvips/cm-super/cm-super-t1.enc}</usr
/share/texlive/texmf-dist/fonts/type1/public/amsfonts/cm/cmsy10.pfb></usr/share
/texlive/texmf-dist/fonts/type1/public/cm-super/sfbx1200.pfb></usr/share/texliv
e/texmf-dist/fonts/type1/public/cm-super/sfbx2488.pfb></usr/share/texlive/texmf
-dist/fonts/type1/public/cm-super/sfrm0700.pfb></usr/share/texlive/texmf-dist/f
onts/type1/public/cm-super/sfrm0800.pfb></usr/share/texlive/texmf-dist/fonts/ty
pe1/public/cm-super/sfrm1200.pfb></usr/share/texlive/texmf-dist/fonts/type1/pub
lic/cm-super/sfrm1728.pfb></usr/share/texlive/texmf-dist/fonts/type1/public/cm-
super/sfsx1200.pfb></usr/share/texlive/texmf-dist/fonts/type1/public/cm-super/s
fsx1440.pfb></usr/share/texlive/texmf-dist/fonts/type1/public/cm-super/sfsx1728
.pfb></usr/share/texlive/texmf-dist/fonts/type1/public/cm-super/sfsx2488.pfb></
usr/share/texlive/texmf-dist/fonts/type1/public/cm-super/sfti1200.pfb></usr/sha
re/texlive/texmf-dist/fonts/type1/public/cm-super/sftt1000.pfb></usr/share/texl
ive/texmf-dist/fonts/type1/public/cm-super/sftt1200.pfb>
Output written on "Dokumentation Robotik.pdf" (48 pages, 1834355 bytes).
PDF statistics:
 610 PDF objects out of 1000 (max. 8388607)
 501 compressed objects within 6 object streams
 278 named destinations out of 1000 (max. 500000)
 121 words of extra memory for PDF output out of 10000 (max. 10000000)

